<?xml version="1.0" encoding="UTF-8"?>
<testng-results ignored="0" total="1" passed="1" failed="0" skipped="0">
  <reporter-output>
  </reporter-output>
  <suite started-at="2023-01-24T19:01:13 IST" name="Default suite" finished-at="2023-01-24T19:01:26 IST" duration-ms="12645">
    <groups>
    </groups>
    <test started-at="2023-01-24T19:01:13 IST" name="Default test" finished-at="2023-01-24T19:01:26 IST" duration-ms="12645">
      <class name="PropertiesProject.PropertiesTest">
        <test-method is-config="true" signature="openBrowser()[pri:0, instance:PropertiesProject.PropertiesTest@2df9b86]" started-at="2023-01-24T19:01:09 IST" name="openBrowser" finished-at="2023-01-24T19:01:13 IST" duration-ms="3952" status="PASS">
          <reporter-output>
          </reporter-output>
        </test-method> <!-- openBrowser -->
        <test-method is-config="true" signature="window()[pri:0, instance:PropertiesProject.PropertiesTest@2df9b86]" started-at="2023-01-24T19:01:13 IST" name="window" finished-at="2023-01-24T19:01:14 IST" duration-ms="954" status="PASS">
          <reporter-output>
          </reporter-output>
        </test-method> <!-- window -->
        <test-method is-config="true" signature="openWebPage()[pri:0, instance:PropertiesProject.PropertiesTest@2df9b86]" started-at="2023-01-24T19:01:15 IST" name="openWebPage" finished-at="2023-01-24T19:01:20 IST" duration-ms="4881" status="PASS">
          <reporter-output>
          </reporter-output>
        </test-method> <!-- openWebPage -->
        <test-method is-config="true" signature="beforeMethod()[pri:0, instance:PropertiesProject.PropertiesTest@2df9b86]" started-at="2023-01-24T19:01:20 IST" name="beforeMethod" finished-at="2023-01-24T19:01:20 IST" duration-ms="1" status="PASS">
          <reporter-output>
          </reporter-output>
        </test-method> <!-- beforeMethod -->
        <test-method signature="login()[pri:0, instance:PropertiesProject.PropertiesTest@2df9b86]" started-at="2023-01-24T19:01:20 IST" name="login" finished-at="2023-01-24T19:01:26 IST" duration-ms="6022" status="PASS">
          <reporter-output>
          </reporter-output>
        </test-method> <!-- login -->
      </class> <!-- PropertiesProject.PropertiesTest -->
    </test> <!-- Default test -->
  </suite> <!-- Default suite -->
</testng-results>
